{
  "stats": {
    "suites": 1,
    "tests": 2,
    "passes": 2,
    "pending": 0,
    "failures": 0,
    "start": "2021-10-15T04:35:57.180Z",
    "end": "2021-10-15T04:36:00.205Z",
    "duration": 3025,
    "testsRegistered": 2,
    "passPercent": 100,
    "pendingPercent": 0,
    "other": 0,
    "hasOther": false,
    "skipped": 0,
    "hasSkipped": false
  },
  "results": [
    {
      "uuid": "11b38e3c-46dc-4396-98b8-c28848a68398",
      "title": "",
      "fullFile": "cypress/integration/examples/aliasing.spec.js",
      "file": "cypress/integration/examples/aliasing.spec.js",
      "beforeHooks": [],
      "afterHooks": [],
      "tests": [],
      "suites": [
        {
          "uuid": "a9e2a51f-6dcd-44bb-b64c-1065efdbdbdf",
          "title": "Aliasing",
          "fullFile": "",
          "file": "",
          "beforeHooks": [],
          "afterHooks": [],
          "tests": [
            {
              "title": ".as() - alias a DOM element for later use",
              "fullTitle": "Aliasing .as() - alias a DOM element for later use",
              "timedOut": null,
              "duration": 660,
              "state": "passed",
              "speed": "slow",
              "pass": true,
              "fail": false,
              "pending": false,
              "context": null,
              "code": "// https://on.cypress.io/as\n// Alias a DOM element for use later\n// We don't have to traverse to the element\n// later in our code, we reference it with @\ncy.get('.as-table').find('tbody>tr').first().find('td').first().find('button').as('firstBtn'); // when we reference the alias, we place an\n// @ in front of its name\ncy.get('@firstBtn').click();\ncy.get('@firstBtn').should('have.class', 'btn-success').and('contain', 'Changed');",
              "err": {},
              "uuid": "ef1ade00-5a03-4ea5-8791-2bfd651b3728",
              "parentUUID": "a9e2a51f-6dcd-44bb-b64c-1065efdbdbdf",
              "isHook": false,
              "skipped": false
            },
            {
              "title": ".as() - alias a route for later use",
              "fullTitle": "Aliasing .as() - alias a route for later use",
              "timedOut": null,
              "duration": 967,
              "state": "passed",
              "speed": "slow",
              "pass": true,
              "fail": false,
              "pending": false,
              "context": null,
              "code": "// Alias the route to wait for its response\ncy.intercept('GET', '**/comments/*').as('getComment'); // we have code that gets a comment when\n// the button is clicked in scripts.js\ncy.get('.network-btn').click(); // https://on.cypress.io/wait\ncy.wait('@getComment').its('response.statusCode').should('eq', 200);",
              "err": {},
              "uuid": "9cbe010a-7f12-47fa-a7ce-0a45dd8fcab5",
              "parentUUID": "a9e2a51f-6dcd-44bb-b64c-1065efdbdbdf",
              "isHook": false,
              "skipped": false
            }
          ],
          "suites": [],
          "passes": [
            "ef1ade00-5a03-4ea5-8791-2bfd651b3728",
            "9cbe010a-7f12-47fa-a7ce-0a45dd8fcab5"
          ],
          "failures": [],
          "pending": [],
          "skipped": [],
          "duration": 1627,
          "root": false,
          "rootEmpty": false,
          "_timeout": 2000
        }
      ],
      "passes": [],
      "failures": [],
      "pending": [],
      "skipped": [],
      "duration": 0,
      "root": true,
      "rootEmpty": true,
      "_timeout": 2000
    }
  ],
  "meta": {
    "mocha": {
      "version": "7.0.1"
    },
    "mochawesome": {
      "options": {
        "quiet": false,
        "reportFilename": "mochawesome",
        "saveHtml": false,
        "saveJson": true,
        "consoleReporter": "spec",
        "useInlineDiffs": false,
        "code": true
      },
      "version": "6.2.2"
    },
    "marge": {
      "options": {
        "reportDir": "cypress/report/mochawesome-report",
        "overwrite": false,
        "html": false,
        "json": true
      },
      "version": "5.2.0"
    }
  }
}