{
  "stats": {
    "suites": 1,
    "tests": 1,
    "passes": 1,
    "pending": 0,
    "failures": 0,
    "start": "2022-01-03T09:38:02.376Z",
    "end": "2022-01-03T09:38:05.064Z",
    "duration": 2688,
    "testsRegistered": 1,
    "passPercent": 100,
    "pendingPercent": 0,
    "other": 0,
    "hasOther": false,
    "skipped": 0,
    "hasSkipped": false
  },
  "results": [
    {
      "uuid": "6c081081-8752-4b5d-b81e-9389fba1ec23",
      "title": "",
      "fullFile": "cypress/integration/examples/local_storage.spec.js",
      "file": "cypress/integration/examples/local_storage.spec.js",
      "beforeHooks": [],
      "afterHooks": [],
      "tests": [],
      "suites": [
        {
          "uuid": "355f820a-6ef6-46af-b517-5c1434b607f5",
          "title": "Local Storage",
          "fullFile": "",
          "file": "",
          "beforeHooks": [],
          "afterHooks": [],
          "tests": [
            {
              "title": "cy.clearLocalStorage() - clear all data in local storage",
              "fullTitle": "Local Storage cy.clearLocalStorage() - clear all data in local storage",
              "timedOut": null,
              "duration": 1235,
              "state": "passed",
              "speed": "fast",
              "pass": true,
              "fail": false,
              "pending": false,
              "context": null,
              "code": "// https://on.cypress.io/clearlocalstorage\ncy.get('.ls-btn').click().should(() => {\n  expect(localStorage.getItem('prop1')).to.eq('red');\n  expect(localStorage.getItem('prop2')).to.eq('blue');\n  expect(localStorage.getItem('prop3')).to.eq('magenta');\n}); // clearLocalStorage() yields the localStorage object\ncy.clearLocalStorage().should(ls => {\n  expect(ls.getItem('prop1')).to.be.null;\n  expect(ls.getItem('prop2')).to.be.null;\n  expect(ls.getItem('prop3')).to.be.null;\n}); // Clear key matching string in Local Storage\ncy.get('.ls-btn').click().should(() => {\n  expect(localStorage.getItem('prop1')).to.eq('red');\n  expect(localStorage.getItem('prop2')).to.eq('blue');\n  expect(localStorage.getItem('prop3')).to.eq('magenta');\n});\ncy.clearLocalStorage('prop1').should(ls => {\n  expect(ls.getItem('prop1')).to.be.null;\n  expect(ls.getItem('prop2')).to.eq('blue');\n  expect(ls.getItem('prop3')).to.eq('magenta');\n}); // Clear keys matching regex in Local Storage\ncy.get('.ls-btn').click().should(() => {\n  expect(localStorage.getItem('prop1')).to.eq('red');\n  expect(localStorage.getItem('prop2')).to.eq('blue');\n  expect(localStorage.getItem('prop3')).to.eq('magenta');\n});\ncy.clearLocalStorage(/prop1|2/).should(ls => {\n  expect(ls.getItem('prop1')).to.be.null;\n  expect(ls.getItem('prop2')).to.be.null;\n  expect(ls.getItem('prop3')).to.eq('magenta');\n});",
              "err": {},
              "uuid": "aa41c593-978b-49b6-aa8c-b9ddbd661e5f",
              "parentUUID": "355f820a-6ef6-46af-b517-5c1434b607f5",
              "isHook": false,
              "skipped": false
            }
          ],
          "suites": [],
          "passes": [
            "aa41c593-978b-49b6-aa8c-b9ddbd661e5f"
          ],
          "failures": [],
          "pending": [],
          "skipped": [],
          "duration": 1235,
          "root": false,
          "rootEmpty": false,
          "_timeout": 2000
        }
      ],
      "passes": [],
      "failures": [],
      "pending": [],
      "skipped": [],
      "duration": 0,
      "root": true,
      "rootEmpty": true,
      "_timeout": 2000
    }
  ],
  "meta": {
    "mocha": {
      "version": "7.0.1"
    },
    "mochawesome": {
      "options": {
        "quiet": false,
        "reportFilename": "mochawesome",
        "saveHtml": false,
        "saveJson": true,
        "consoleReporter": "spec",
        "useInlineDiffs": false,
        "code": true
      },
      "version": "6.2.2"
    },
    "marge": {
      "options": {
        "reportDir": "cypress/report/mochawesome-report",
        "overwrite": false,
        "html": false,
        "json": true
      },
      "version": "5.2.0"
    }
  }
}